  main.cpp
C:\Users\Саша\Desktop\1 курс 2 семестр\Программирование\SFML\main.cpp(46,16): warning C4244: инициализация: преобразование "T" в "int", возможна потеря данных
          with
          [
              T=float
          ]
C:\Users\Саша\Desktop\1 курс 2 семестр\Программирование\SFML\main.cpp(53,30): warning C4244: аргумент: преобразование "int" в "float", возможна потеря данных
C:\Users\Саша\Desktop\1 курс 2 семестр\Программирование\SFML\main.cpp(53,27): warning C4244: аргумент: преобразование "int" в "float", возможна потеря данных
C:\Users\Саша\Desktop\1 курс 2 семестр\Программирование\SFML\main.cpp(110,30): warning C4244: аргумент: преобразование "int" в "float", возможна потеря данных
C:\Users\Саша\Desktop\1 курс 2 семестр\Программирование\SFML\main.cpp(110,27): warning C4244: аргумент: преобразование "int" в "float", возможна потеря данных
C:\Users\Саша\Desktop\1 курс 2 семестр\Программирование\SFML\main.cpp(124,55): warning C4244: аргумент: преобразование "int" в "T", возможна потеря данных
          with
          [
              T=float
          ]
C:\Users\Саша\Desktop\1 курс 2 семестр\Программирование\SFML\main.cpp(124,39): warning C4244: аргумент: преобразование "int" в "T", возможна потеря данных
          with
          [
              T=float
          ]
C:\Users\Саша\Desktop\1 курс 2 семестр\Программирование\SFML\main.cpp(125,46): warning C4244: аргумент: преобразование "int" в "T", возможна потеря данных
          with
          [
              T=float
          ]
C:\Users\Саша\Desktop\1 курс 2 семестр\Программирование\SFML\main.cpp(125,39): warning C4244: аргумент: преобразование "int" в "T", возможна потеря данных
          with
          [
              T=float
          ]
C:\Users\Саша\Desktop\1 курс 2 семестр\Программирование\SFML\main.cpp(126,53): warning C4244: аргумент: преобразование "int" в "T", возможна потеря данных
          with
          [
              T=float
          ]
C:\Users\Саша\Desktop\1 курс 2 семестр\Программирование\SFML\main.cpp(126,39): warning C4244: аргумент: преобразование "int" в "T", возможна потеря данных
          with
          [
              T=float
          ]
  SFML.vcxproj -> C:\Users\Саша\Desktop\1 курс 2 семестр\Программирование\SFML\Debug\SFML.exe
